<?xml version="1.0" encoding="UTF-8"?>
<!-- Generated by org.testng.reporters.JUnitXMLReporter -->
<testsuite ignored="1" hostname="DESKTOP-98QBH91" failures="1" tests="2" name="Test" time="108.478" errors="0" timestamp="2024-09-22T23:58:52 IST">
  <testcase classname="testcase.TC_002_loginTest" name="verify_login" time="27.585">
    <failure type="java.lang.AssertionError" message="expected [true] but found [false]">
      <![CDATA[java.lang.AssertionError: expected [true] but found [false]
at testcase.TC_002_loginTest.verify_login(TC_002_loginTest.java:34)
at java.base/java.util.ArrayList.forEach(ArrayList.java:1511)
... Removed 34 stack frames]]>
    </failure>
  </testcase> <!-- verify_login -->
  <testcase classname="testcase.TC001_AccountRegistrationTest" name="verify_Account_registration" time="11.87"/>
  <testcase classname="testcase.TC003_LOGINDDT" name="verify_loginDDT" time="0.0">
    <ignored/>
  </testcase> <!-- verify_loginDDT -->
</testsuite> <!-- Test -->
